2015-04-10 12:03:22.819 HelloWorld[1348:36048] DiskCookieStorage changing policy from 2 to 0, cookie file: file:///Users/jean-philippeguillermo/Library/Developer/CoreSimulator/Devices/57EBD831-EB24-49CF-B466-0FFA28D812BD/data/Containers/Data/Application/3F7FD15B-0E3C-4CFE-B486-6F5E4013C1F2/Library/Cookies/Cookies.binarycookies
2015-04-10 12:03:23.216 HelloWorld[1348:36048] Apache Cordova native platform version 3.8.0 is starting.
2015-04-10 12:03:23.217 HelloWorld[1348:36048] Multi-tasking -> Device: YES, App: YES
2015-04-10 12:03:23.243 HelloWorld[1348:36048] Unlimited access to network resources
2015-04-10 12:03:23.259 HelloWorld[1348:36048] 

Started backup to iCloud! Please be careful.
Your application might be rejected by Apple if you store too much data.
For more information please read "iOS Data Storage Guidelines" at:
https://developer.apple.com/icloud/documentation/data-storage/
To disable web storage backup to iCloud, set the BackupWebStorage preference to "local" in the Cordova config.xml file

2015-04-10 12:03:25.086 HelloWorld[1348:36048] Resetting plugins due to page load.
2015-04-10 12:03:25.300 HelloWorld[1348:36048] Finished load of: file:///Users/jean-philippeguillermo/Library/Developer/CoreSimulator/Devices/57EBD831-EB24-49CF-B466-0FFA28D812BD/data/Containers/Bundle/Application/4A6E9E81-0473-493C-A6DF-CAA9673F1F3F/HelloWorld.app/www/index.html
2015-04-10 15:07:05.347 HelloWorld[5345:99766] DiskCookieStorage changing policy from 2 to 0, cookie file: file:///Users/jean-philippeguillermo/Library/Developer/CoreSimulator/Devices/57EBD831-EB24-49CF-B466-0FFA28D812BD/data/Containers/Data/Application/37CF4618-239A-4454-86A4-971D1648E20F/Library/Cookies/Cookies.binarycookies
2015-04-10 15:07:05.459 HelloWorld[5345:99766] Apache Cordova native platform version 3.8.0 is starting.
2015-04-10 15:07:05.460 HelloWorld[5345:99766] Multi-tasking -> Device: YES, App: YES
2015-04-10 15:07:05.461 HelloWorld[5345:99766] Unlimited access to network resources
2015-04-10 15:07:05.464 HelloWorld[5345:99766] 

Started backup to iCloud! Please be careful.
Your application might be rejected by Apple if you store too much data.
For more information please read "iOS Data Storage Guidelines" at:
https://developer.apple.com/icloud/documentation/data-storage/
To disable web storage backup to iCloud, set the BackupWebStorage preference to "local" in the Cordova config.xml file

2015-04-10 15:07:05.748 HelloWorld[5345:99766] [CDVTimer][splashscreen] 29.988050ms
2015-04-10 15:07:05.749 HelloWorld[5345:99766] [CDVTimer][TotalPluginStartup] 30.233979ms
2015-04-10 15:07:05.820 HelloWorld[5345:99766] Resetting plugins due to page load.
2015-04-10 15:07:05.915 HelloWorld[5345:99766] Finished load of: file:///Users/jean-philippeguillermo/Library/Developer/CoreSimulator/Devices/57EBD831-EB24-49CF-B466-0FFA28D812BD/data/Containers/Bundle/Application/AC2829D5-BDFE-4A27-AFCC-D1C662053DA2/HelloWorld.app/www/index.html
2015-04-10 15:07:31.935 HelloWorld[5417:100330] DiskCookieStorage changing policy from 2 to 0, cookie file: file:///Users/jean-philippeguillermo/Library/Developer/CoreSimulator/Devices/57EBD831-EB24-49CF-B466-0FFA28D812BD/data/Containers/Data/Application/0B0F25F0-D1B2-4254-A59C-8031BA294C65/Library/Cookies/Cookies.binarycookies
2015-04-10 15:07:32.041 HelloWorld[5417:100330] Apache Cordova native platform version 3.8.0 is starting.
2015-04-10 15:07:32.042 HelloWorld[5417:100330] Multi-tasking -> Device: YES, App: YES
2015-04-10 15:07:32.044 HelloWorld[5417:100330] Unlimited access to network resources
2015-04-10 15:07:32.047 HelloWorld[5417:100330] 

Started backup to iCloud! Please be careful.
Your application might be rejected by Apple if you store too much data.
For more information please read "iOS Data Storage Guidelines" at:
https://developer.apple.com/icloud/documentation/data-storage/
To disable web storage backup to iCloud, set the BackupWebStorage preference to "local" in the Cordova config.xml file

2015-04-10 15:07:32.337 HelloWorld[5417:100330] [CDVTimer][splashscreen] 58.617949ms
2015-04-10 15:07:32.337 HelloWorld[5417:100330] [CDVTimer][TotalPluginStartup] 58.831990ms
2015-04-10 15:07:32.408 HelloWorld[5417:100330] Resetting plugins due to page load.
2015-04-10 15:07:32.486 HelloWorld[5417:100330] Finished load of: file:///Users/jean-philippeguillermo/Library/Developer/CoreSimulator/Devices/57EBD831-EB24-49CF-B466-0FFA28D812BD/data/Containers/Bundle/Application/8AD3F7EF-E2AF-4C9C-9FD4-68895210CF35/HelloWorld.app/www/index.html
2015-04-10 15:15:35.313 HelloWorld[5946:106966] DiskCookieStorage changing policy from 2 to 0, cookie file: file:///Users/jean-philippeguillermo/Library/Developer/CoreSimulator/Devices/57EBD831-EB24-49CF-B466-0FFA28D812BD/data/Containers/Data/Application/E6A480A2-FF15-444A-AF32-4886BCA68688/Library/Cookies/Cookies.binarycookies
2015-04-10 15:15:35.412 HelloWorld[5946:106966] Apache Cordova native platform version 3.8.0 is starting.
2015-04-10 15:15:35.413 HelloWorld[5946:106966] Multi-tasking -> Device: YES, App: YES
2015-04-10 15:15:35.415 HelloWorld[5946:106966] Unlimited access to network resources
2015-04-10 15:15:35.418 HelloWorld[5946:106966] 

Started backup to iCloud! Please be careful.
Your application might be rejected by Apple if you store too much data.
For more information please read "iOS Data Storage Guidelines" at:
https://developer.apple.com/icloud/documentation/data-storage/
To disable web storage backup to iCloud, set the BackupWebStorage preference to "local" in the Cordova config.xml file

2015-04-10 15:15:35.732 HelloWorld[5946:106966] [CDVTimer][splashscreen] 74.237049ms
2015-04-10 15:15:35.732 HelloWorld[5946:106966] [CDVTimer][TotalPluginStartup] 74.451983ms
2015-04-10 15:15:35.800 HelloWorld[5946:106966] Resetting plugins due to page load.
2015-04-10 15:15:35.882 HelloWorld[5946:106966] Finished load of: file:///Users/jean-philippeguillermo/Library/Developer/CoreSimulator/Devices/57EBD831-EB24-49CF-B466-0FFA28D812BD/data/Containers/Bundle/Application/BE49535E-8F47-4037-9A9F-4652C9A46FA5/HelloWorld.app/www/index.html
